<?xml version="1.0" encoding="UTF-8"?>
<!-- Generated by org.testng.reporters.JUnitReportReporter -->
<testsuite hostname="LAP-1004" name="flobiz.tests.GetIssueByIdTest" tests="1" failures="0" timestamp="22 Oct 2019 00:36:50 GMT" time="1.438" errors="0">
  <testcase name="getIssueByIdTest" time="1.438" classname="flobiz.tests.GetIssueByIdTest"/>
</testsuite> <!-- flobiz.tests.GetIssueByIdTest -->
