<?xml version="1.0" encoding="UTF-8"?>
<!-- Generated by org.testng.reporters.JUnitReportReporter -->
<testsuite hostname="LAP-1004" name="flobiz.tests.GetIssuesByQueryTest" tests="2" failures="0" timestamp="22 Oct 2019 00:36:50 GMT" time="5.313" errors="0">
  <testcase name="getIssueByQueryTest" time="1.509" classname="flobiz.tests.GetIssuesByQueryTest"/>
  <testcase name="getIssueByQueryTest" time="3.804" classname="flobiz.tests.GetIssuesByQueryTest"/>
</testsuite> <!-- flobiz.tests.GetIssuesByQueryTest -->
