<?xml version="1.0" encoding="UTF-8"?>
<!-- Generated by org.testng.reporters.JUnitReportReporter -->
<testsuite hostname="LAP-1004" name="flobiz.tests.GetAllIssueTest" tests="1" failures="0" timestamp="22 Oct 2019 00:36:50 GMT" time="21.338" errors="0">
  <testcase name="getAllIssuesTest" time="21.338" classname="flobiz.tests.GetAllIssueTest"/>
</testsuite> <!-- flobiz.tests.GetAllIssueTest -->
